Pig Stack Trace
---------------
ERROR 1200: Pig script failed to parse: 
<line 13, column 16> Undefined alias: f

Failed to parse: Pig script failed to parse: 
<line 13, column 16> Undefined alias: f
	at org.apache.pig.parser.QueryParserDriver.parse(QueryParserDriver.java:182)
	at org.apache.pig.PigServer$Graph.validateQuery(PigServer.java:1570)
	at org.apache.pig.PigServer$Graph.registerQuery(PigServer.java:1543)
	at org.apache.pig.PigServer.registerQuery(PigServer.java:545)
	at org.apache.pig.tools.grunt.GruntParser.processPig(GruntParser.java:970)
	at org.apache.pig.tools.pigscript.parser.PigScriptParser.parse(PigScriptParser.java:386)
	at org.apache.pig.tools.grunt.GruntParser.parseStopOnError(GruntParser.java:189)
	at org.apache.pig.tools.grunt.GruntParser.parseStopOnError(GruntParser.java:165)
	at org.apache.pig.tools.grunt.Grunt.run(Grunt.java:69)
	at org.apache.pig.Main.run(Main.java:490)
	at org.apache.pig.Main.main(Main.java:111)
	at sun.reflect.NativeMethodAccessorImpl.invoke0(Native Method)
	at sun.reflect.NativeMethodAccessorImpl.invoke(NativeMethodAccessorImpl.java:39)
	at sun.reflect.DelegatingMethodAccessorImpl.invoke(DelegatingMethodAccessorImpl.java:25)
	at java.lang.reflect.Method.invoke(Method.java:597)
	at org.apache.hadoop.util.RunJar.main(RunJar.java:208)
Caused by: 
<line 13, column 16> Undefined alias: f
	at org.apache.pig.parser.AstValidator.validateAliasRef(AstValidator.java:246)
	at org.apache.pig.parser.AstValidator.rel(AstValidator.java:4957)
	at org.apache.pig.parser.AstValidator.foreach_clause(AstValidator.java:10651)
	at org.apache.pig.parser.AstValidator.op_clause(AstValidator.java:1497)
	at org.apache.pig.parser.AstValidator.general_statement(AstValidator.java:719)
	at org.apache.pig.parser.AstValidator.statement(AstValidator.java:438)
	at org.apache.pig.parser.AstValidator.query(AstValidator.java:326)
	at org.apache.pig.parser.QueryParserDriver.validateAst(QueryParserDriver.java:240)
	at org.apache.pig.parser.QueryParserDriver.parse(QueryParserDriver.java:172)
	... 15 more
================================================================================
Pig Stack Trace
---------------
ERROR 1200: <line 14, column 19>  Syntax error, unexpected symbol at or near 'idx'

Failed to parse: <line 14, column 19>  Syntax error, unexpected symbol at or near 'idx'
	at org.apache.pig.parser.QueryParserDriver.parse(QueryParserDriver.java:226)
	at org.apache.pig.parser.QueryParserDriver.parse(QueryParserDriver.java:168)
	at org.apache.pig.PigServer$Graph.validateQuery(PigServer.java:1570)
	at org.apache.pig.PigServer$Graph.registerQuery(PigServer.java:1543)
	at org.apache.pig.PigServer.registerQuery(PigServer.java:545)
	at org.apache.pig.tools.grunt.GruntParser.processPig(GruntParser.java:970)
	at org.apache.pig.tools.pigscript.parser.PigScriptParser.parse(PigScriptParser.java:386)
	at org.apache.pig.tools.grunt.GruntParser.parseStopOnError(GruntParser.java:189)
	at org.apache.pig.tools.grunt.GruntParser.parseStopOnError(GruntParser.java:165)
	at org.apache.pig.tools.grunt.Grunt.run(Grunt.java:69)
	at org.apache.pig.Main.run(Main.java:490)
	at org.apache.pig.Main.main(Main.java:111)
	at sun.reflect.NativeMethodAccessorImpl.invoke0(Native Method)
	at sun.reflect.NativeMethodAccessorImpl.invoke(NativeMethodAccessorImpl.java:39)
	at sun.reflect.DelegatingMethodAccessorImpl.invoke(DelegatingMethodAccessorImpl.java:25)
	at java.lang.reflect.Method.invoke(Method.java:597)
	at org.apache.hadoop.util.RunJar.main(RunJar.java:208)
================================================================================
Pig Stack Trace
---------------
ERROR 1200: <line 15, column 0>  mismatched input 'all' expecting EOF

Failed to parse: <line 15, column 0>  mismatched input 'all' expecting EOF
	at org.apache.pig.parser.QueryParserDriver.parse(QueryParserDriver.java:226)
	at org.apache.pig.parser.QueryParserDriver.parse(QueryParserDriver.java:168)
	at org.apache.pig.PigServer$Graph.validateQuery(PigServer.java:1570)
	at org.apache.pig.PigServer$Graph.registerQuery(PigServer.java:1543)
	at org.apache.pig.PigServer.registerQuery(PigServer.java:545)
	at org.apache.pig.tools.grunt.GruntParser.processPig(GruntParser.java:970)
	at org.apache.pig.tools.pigscript.parser.PigScriptParser.parse(PigScriptParser.java:386)
	at org.apache.pig.tools.grunt.GruntParser.parseStopOnError(GruntParser.java:189)
	at org.apache.pig.tools.grunt.GruntParser.parseStopOnError(GruntParser.java:165)
	at org.apache.pig.tools.grunt.Grunt.run(Grunt.java:69)
	at org.apache.pig.Main.run(Main.java:490)
	at org.apache.pig.Main.main(Main.java:111)
	at sun.reflect.NativeMethodAccessorImpl.invoke0(Native Method)
	at sun.reflect.NativeMethodAccessorImpl.invoke(NativeMethodAccessorImpl.java:39)
	at sun.reflect.DelegatingMethodAccessorImpl.invoke(DelegatingMethodAccessorImpl.java:25)
	at java.lang.reflect.Method.invoke(Method.java:597)
	at org.apache.hadoop.util.RunJar.main(RunJar.java:208)
================================================================================
